{"C:\\Users\\Thu\\Desktop\\COSC4353\\public\\InitialRegistration.js": {"path":"C:\\Users\\Thu\\Desktop\\COSC4353\\public\\InitialRegistration.js","statementMap":{"0":{"start":{"line":2,"column":21},"end":{"line":5,"column":5}},"1":{"start":{"line":7,"column":4},"end":{"line":23,"column":7}},"2":{"start":{"line":15,"column":8},"end":{"line":17,"column":9}},"3":{"start":{"line":16,"column":12},"end":{"line":16,"column":59}},"4":{"start":{"line":18,"column":8},"end":{"line":18,"column":31}},"5":{"start":{"line":21,"column":8},"end":{"line":21,"column":39}},"6":{"start":{"line":22,"column":8},"end":{"line":22,"column":55}},"7":{"start":{"line":26,"column":0},"end":{"line":66,"column":3}},"8":{"start":{"line":27,"column":29},"end":{"line":27,"column":59}},"9":{"start":{"line":28,"column":25},"end":{"line":28,"column":65}},"10":{"start":{"line":30,"column":14},"end":{"line":30,"column":44}},"11":{"start":{"line":31,"column":15},"end":{"line":31,"column":50}},"12":{"start":{"line":33,"column":4},"end":{"line":43,"column":5}},"13":{"start":{"line":34,"column":8},"end":{"line":42,"column":9}},"14":{"start":{"line":35,"column":12},"end":{"line":35,"column":31}},"15":{"start":{"line":36,"column":12},"end":{"line":36,"column":63}},"16":{"start":{"line":37,"column":12},"end":{"line":37,"column":54}},"17":{"start":{"line":39,"column":12},"end":{"line":39,"column":35}},"18":{"start":{"line":40,"column":12},"end":{"line":40,"column":57}},"19":{"start":{"line":41,"column":12},"end":{"line":41,"column":60}},"20":{"start":{"line":45,"column":4},"end":{"line":65,"column":7}},"21":{"start":{"line":46,"column":8},"end":{"line":46,"column":31}},"22":{"start":{"line":48,"column":25},"end":{"line":48,"column":66}},"23":{"start":{"line":49,"column":25},"end":{"line":49,"column":66}},"24":{"start":{"line":51,"column":8},"end":{"line":64,"column":11}},"25":{"start":{"line":53,"column":12},"end":{"line":59,"column":13}},"26":{"start":{"line":55,"column":16},"end":{"line":55,"column":87}},"27":{"start":{"line":56,"column":16},"end":{"line":56,"column":92}},"28":{"start":{"line":58,"column":16},"end":{"line":58,"column":56}},"29":{"start":{"line":62,"column":12},"end":{"line":62,"column":43}},"30":{"start":{"line":63,"column":12},"end":{"line":63,"column":69}},"31":{"start":{"line":68,"column":0},"end":{"line":70,"column":2}}},"fnMap":{"0":{"name":"fetchInitialRegistration","decl":{"start":{"line":1,"column":9},"end":{"line":1,"column":33}},"loc":{"start":{"line":1,"column":54},"end":{"line":24,"column":1}},"line":1},"1":{"name":"(anonymous_1)","decl":{"start":{"line":14,"column":10},"end":{"line":14,"column":11}},"loc":{"start":{"line":14,"column":22},"end":{"line":19,"column":5}},"line":14},"2":{"name":"(anonymous_2)","decl":{"start":{"line":20,"column":11},"end":{"line":20,"column":12}},"loc":{"start":{"line":20,"column":20},"end":{"line":23,"column":5}},"line":20},"3":{"name":"(anonymous_3)","decl":{"start":{"line":26,"column":46},"end":{"line":26,"column":47}},"loc":{"start":{"line":26,"column":57},"end":{"line":66,"column":1}},"line":26},"4":{"name":"(anonymous_4)","decl":{"start":{"line":33,"column":18},"end":{"line":33,"column":19}},"loc":{"start":{"line":33,"column":28},"end":{"line":43,"column":5}},"line":33},"5":{"name":"(anonymous_5)","decl":{"start":{"line":45,"column":48},"end":{"line":45,"column":49}},"loc":{"start":{"line":45,"column":64},"end":{"line":65,"column":5}},"line":45},"6":{"name":"(anonymous_6)","decl":{"start":{"line":52,"column":14},"end":{"line":52,"column":15}},"loc":{"start":{"line":52,"column":22},"end":{"line":60,"column":9}},"line":52},"7":{"name":"(anonymous_7)","decl":{"start":{"line":61,"column":15},"end":{"line":61,"column":16}},"loc":{"start":{"line":61,"column":24},"end":{"line":64,"column":9}},"line":61}},"branchMap":{"0":{"loc":{"start":{"line":15,"column":8},"end":{"line":17,"column":9}},"type":"if","locations":[{"start":{"line":15,"column":8},"end":{"line":17,"column":9}},{"start":{},"end":{}}],"line":15},"1":{"loc":{"start":{"line":34,"column":8},"end":{"line":42,"column":9}},"type":"if","locations":[{"start":{"line":34,"column":8},"end":{"line":42,"column":9}},{"start":{"line":38,"column":13},"end":{"line":42,"column":9}}],"line":34},"2":{"loc":{"start":{"line":53,"column":12},"end":{"line":59,"column":13}},"type":"if","locations":[{"start":{"line":53,"column":12},"end":{"line":59,"column":13}},{"start":{"line":57,"column":19},"end":{"line":59,"column":13}}],"line":53}},"s":{"0":2,"1":2,"2":1,"3":0,"4":1,"5":1,"6":1,"7":1,"8":0,"9":0,"10":0,"11":0,"12":0,"13":0,"14":0,"15":0,"16":0,"17":0,"18":0,"19":0,"20":0,"21":0,"22":0,"23":0,"24":0,"25":0,"26":0,"27":0,"28":0,"29":0,"30":0,"31":1},"f":{"0":2,"1":1,"2":1,"3":0,"4":0,"5":0,"6":0,"7":0},"b":{"0":[0,1],"1":[0,0],"2":[0,0]},"_coverageSchema":"1a1c01bbd47fc00a2c39e90264f33305004495a9","hash":"eadcc00ee90007e98ab5486c439408b00e108e5f"}
,"C:\\Users\\Thu\\Desktop\\COSC4353\\public\\index.js": {"path":"C:\\Users\\Thu\\Desktop\\COSC4353\\public\\index.js","statementMap":{"0":{"start":{"line":2,"column":21},"end":{"line":5,"column":5}},"1":{"start":{"line":7,"column":4},"end":{"line":18,"column":7}},"2":{"start":{"line":14,"column":22},"end":{"line":14,"column":37}},"3":{"start":{"line":16,"column":8},"end":{"line":16,"column":39}},"4":{"start":{"line":17,"column":8},"end":{"line":17,"column":48}},"5":{"start":{"line":21,"column":0},"end":{"line":63,"column":3}},"6":{"start":{"line":22,"column":22},"end":{"line":22,"column":52}},"7":{"start":{"line":23,"column":25},"end":{"line":23,"column":65}},"8":{"start":{"line":25,"column":14},"end":{"line":25,"column":44}},"9":{"start":{"line":26,"column":15},"end":{"line":26,"column":50}},"10":{"start":{"line":28,"column":4},"end":{"line":38,"column":5}},"11":{"start":{"line":29,"column":8},"end":{"line":37,"column":9}},"12":{"start":{"line":30,"column":12},"end":{"line":30,"column":31}},"13":{"start":{"line":31,"column":12},"end":{"line":31,"column":63}},"14":{"start":{"line":32,"column":12},"end":{"line":32,"column":54}},"15":{"start":{"line":34,"column":12},"end":{"line":34,"column":35}},"16":{"start":{"line":35,"column":12},"end":{"line":35,"column":57}},"17":{"start":{"line":36,"column":12},"end":{"line":36,"column":60}},"18":{"start":{"line":40,"column":4},"end":{"line":62,"column":7}},"19":{"start":{"line":41,"column":8},"end":{"line":41,"column":31}},"20":{"start":{"line":43,"column":25},"end":{"line":43,"column":66}},"21":{"start":{"line":44,"column":25},"end":{"line":44,"column":66}},"22":{"start":{"line":46,"column":8},"end":{"line":61,"column":11}},"23":{"start":{"line":48,"column":12},"end":{"line":56,"column":13}},"24":{"start":{"line":50,"column":16},"end":{"line":50,"column":82}},"25":{"start":{"line":53,"column":16},"end":{"line":53,"column":68}},"26":{"start":{"line":55,"column":16},"end":{"line":55,"column":56}},"27":{"start":{"line":59,"column":12},"end":{"line":59,"column":43}},"28":{"start":{"line":60,"column":12},"end":{"line":60,"column":62}},"29":{"start":{"line":65,"column":0},"end":{"line":67,"column":2}}},"fnMap":{"0":{"name":"fetchLogin","decl":{"start":{"line":1,"column":9},"end":{"line":1,"column":19}},"loc":{"start":{"line":1,"column":40},"end":{"line":19,"column":1}},"line":1},"1":{"name":"(anonymous_1)","decl":{"start":{"line":14,"column":10},"end":{"line":14,"column":11}},"loc":{"start":{"line":14,"column":22},"end":{"line":14,"column":37}},"line":14},"2":{"name":"(anonymous_2)","decl":{"start":{"line":15,"column":11},"end":{"line":15,"column":12}},"loc":{"start":{"line":15,"column":20},"end":{"line":18,"column":5}},"line":15},"3":{"name":"(anonymous_3)","decl":{"start":{"line":21,"column":46},"end":{"line":21,"column":47}},"loc":{"start":{"line":21,"column":57},"end":{"line":63,"column":1}},"line":21},"4":{"name":"(anonymous_4)","decl":{"start":{"line":28,"column":18},"end":{"line":28,"column":19}},"loc":{"start":{"line":28,"column":28},"end":{"line":38,"column":5}},"line":28},"5":{"name":"(anonymous_5)","decl":{"start":{"line":40,"column":41},"end":{"line":40,"column":42}},"loc":{"start":{"line":40,"column":57},"end":{"line":62,"column":5}},"line":40},"6":{"name":"(anonymous_6)","decl":{"start":{"line":47,"column":14},"end":{"line":47,"column":15}},"loc":{"start":{"line":47,"column":22},"end":{"line":57,"column":9}},"line":47},"7":{"name":"(anonymous_7)","decl":{"start":{"line":58,"column":15},"end":{"line":58,"column":16}},"loc":{"start":{"line":58,"column":24},"end":{"line":61,"column":9}},"line":58}},"branchMap":{"0":{"loc":{"start":{"line":29,"column":8},"end":{"line":37,"column":9}},"type":"if","locations":[{"start":{"line":29,"column":8},"end":{"line":37,"column":9}},{"start":{"line":33,"column":13},"end":{"line":37,"column":9}}],"line":29},"1":{"loc":{"start":{"line":48,"column":12},"end":{"line":56,"column":13}},"type":"if","locations":[{"start":{"line":48,"column":12},"end":{"line":56,"column":13}},{"start":{"line":54,"column":19},"end":{"line":56,"column":13}}],"line":48}},"s":{"0":3,"1":3,"2":3,"3":0,"4":0,"5":1,"6":0,"7":0,"8":0,"9":0,"10":0,"11":0,"12":0,"13":0,"14":0,"15":0,"16":0,"17":0,"18":0,"19":0,"20":0,"21":0,"22":0,"23":0,"24":0,"25":0,"26":0,"27":0,"28":0,"29":1},"f":{"0":3,"1":3,"2":0,"3":0,"4":0,"5":0,"6":0,"7":0},"b":{"0":[0,0],"1":[0,0]},"_coverageSchema":"1a1c01bbd47fc00a2c39e90264f33305004495a9","hash":"f9484f1ff3e951382a5e343380a1de976e8a00ce"}
,"C:\\Users\\Thu\\Desktop\\COSC4353\\public\\pages\\fuel quote form page\\fuel quote history\\fuelquotehistory.js": {"path":"C:\\Users\\Thu\\Desktop\\COSC4353\\public\\pages\\fuel quote form page\\fuel quote history\\fuelquotehistory.js","statementMap":{"0":{"start":{"line":3,"column":4},"end":{"line":26,"column":11}},"1":{"start":{"line":5,"column":12},"end":{"line":7,"column":13}},"2":{"start":{"line":6,"column":16},"end":{"line":6,"column":63}},"3":{"start":{"line":8,"column":12},"end":{"line":8,"column":35}},"4":{"start":{"line":12,"column":33},"end":{"line":12,"column":83}},"5":{"start":{"line":15,"column":33},"end":{"line":17,"column":14}},"6":{"start":{"line":16,"column":16},"end":{"line":16,"column":64}},"7":{"start":{"line":20,"column":12},"end":{"line":20,"column":32}},"8":{"start":{"line":23,"column":12},"end":{"line":23,"column":57}},"9":{"start":{"line":25,"column":12},"end":{"line":25,"column":22}},"10":{"start":{"line":30,"column":22},"end":{"line":30,"column":69}},"11":{"start":{"line":31,"column":4},"end":{"line":31,"column":29}},"12":{"start":{"line":33,"column":4},"end":{"line":43,"column":7}},"13":{"start":{"line":34,"column":20},"end":{"line":34,"column":48}},"14":{"start":{"line":35,"column":8},"end":{"line":41,"column":10}},"15":{"start":{"line":42,"column":8},"end":{"line":42,"column":35}},"16":{"start":{"line":47,"column":0},"end":{"line":54,"column":7}},"17":{"start":{"line":49,"column":8},"end":{"line":49,"column":34}},"18":{"start":{"line":50,"column":8},"end":{"line":50,"column":36}},"19":{"start":{"line":53,"column":8},"end":{"line":53,"column":39}},"20":{"start":{"line":56,"column":0},"end":{"line":56,"column":39}}},"fnMap":{"0":{"name":"fetchFuelQuoteHistory","decl":{"start":{"line":1,"column":9},"end":{"line":1,"column":30}},"loc":{"start":{"line":1,"column":33},"end":{"line":27,"column":1}},"line":1},"1":{"name":"(anonymous_1)","decl":{"start":{"line":4,"column":14},"end":{"line":4,"column":15}},"loc":{"start":{"line":4,"column":26},"end":{"line":9,"column":9}},"line":4},"2":{"name":"(anonymous_2)","decl":{"start":{"line":10,"column":14},"end":{"line":10,"column":15}},"loc":{"start":{"line":10,"column":22},"end":{"line":21,"column":9}},"line":10},"3":{"name":"(anonymous_3)","decl":{"start":{"line":15,"column":45},"end":{"line":15,"column":46}},"loc":{"start":{"line":15,"column":61},"end":{"line":17,"column":13}},"line":15},"4":{"name":"(anonymous_4)","decl":{"start":{"line":22,"column":15},"end":{"line":22,"column":16}},"loc":{"start":{"line":22,"column":24},"end":{"line":26,"column":9}},"line":22},"5":{"name":"populateTable","decl":{"start":{"line":29,"column":9},"end":{"line":29,"column":22}},"loc":{"start":{"line":29,"column":29},"end":{"line":44,"column":1}},"line":29},"6":{"name":"(anonymous_6)","decl":{"start":{"line":33,"column":17},"end":{"line":33,"column":18}},"loc":{"start":{"line":33,"column":26},"end":{"line":43,"column":5}},"line":33},"7":{"name":"(anonymous_7)","decl":{"start":{"line":48,"column":10},"end":{"line":48,"column":11}},"loc":{"start":{"line":48,"column":26},"end":{"line":51,"column":5}},"line":48},"8":{"name":"(anonymous_8)","decl":{"start":{"line":52,"column":11},"end":{"line":52,"column":12}},"loc":{"start":{"line":52,"column":20},"end":{"line":54,"column":5}},"line":52}},"branchMap":{"0":{"loc":{"start":{"line":5,"column":12},"end":{"line":7,"column":13}},"type":"if","locations":[{"start":{"line":5,"column":12},"end":{"line":7,"column":13}},{"start":{},"end":{}}],"line":5}},"s":{"0":3,"1":2,"2":1,"3":1,"4":1,"5":1,"6":3,"7":1,"8":2,"9":2,"10":1,"11":1,"12":0,"13":0,"14":0,"15":0,"16":1,"17":1,"18":1,"19":1,"20":1},"f":{"0":3,"1":2,"2":1,"3":3,"4":2,"5":1,"6":0,"7":1,"8":1},"b":{"0":[1,1]},"_coverageSchema":"1a1c01bbd47fc00a2c39e90264f33305004495a9","hash":"ed1fe1e00bdffc101b0d142b1c8cf64c71153cad"}
,"C:\\Users\\Thu\\Desktop\\COSC4353\\public\\pages\\profile page\\profile\\profile.js": {"path":"C:\\Users\\Thu\\Desktop\\COSC4353\\public\\pages\\profile page\\profile\\profile.js","statementMap":{"0":{"start":{"line":4,"column":4},"end":{"line":21,"column":11}},"1":{"start":{"line":6,"column":12},"end":{"line":8,"column":13}},"2":{"start":{"line":7,"column":16},"end":{"line":7,"column":55}},"3":{"start":{"line":9,"column":12},"end":{"line":9,"column":35}},"4":{"start":{"line":12,"column":32},"end":{"line":12,"column":82}},"5":{"start":{"line":13,"column":29},"end":{"line":15,"column":14}},"6":{"start":{"line":14,"column":16},"end":{"line":14,"column":62}},"7":{"start":{"line":16,"column":12},"end":{"line":16,"column":28}},"8":{"start":{"line":19,"column":12},"end":{"line":19,"column":57}},"9":{"start":{"line":20,"column":12},"end":{"line":20,"column":22}},"10":{"start":{"line":24,"column":0},"end":{"line":43,"column":7}},"11":{"start":{"line":26,"column":8},"end":{"line":26,"column":33}},"12":{"start":{"line":27,"column":22},"end":{"line":27,"column":53}},"13":{"start":{"line":28,"column":22},"end":{"line":28,"column":85}},"14":{"start":{"line":29,"column":30},"end":{"line":29,"column":94}},"15":{"start":{"line":30,"column":8},"end":{"line":39,"column":9}},"16":{"start":{"line":30,"column":21},"end":{"line":30,"column":22}},"17":{"start":{"line":31,"column":23},"end":{"line":31,"column":51}},"18":{"start":{"line":32,"column":23},"end":{"line":32,"column":51}},"19":{"start":{"line":33,"column":12},"end":{"line":33,"column":45}},"20":{"start":{"line":34,"column":12},"end":{"line":34,"column":31}},"21":{"start":{"line":35,"column":28},"end":{"line":35,"column":56}},"22":{"start":{"line":36,"column":12},"end":{"line":36,"column":64}},"23":{"start":{"line":37,"column":12},"end":{"line":37,"column":36}},"24":{"start":{"line":38,"column":12},"end":{"line":38,"column":34}},"25":{"start":{"line":42,"column":8},"end":{"line":42,"column":40}},"26":{"start":{"line":45,"column":0},"end":{"line":45,"column":31}}},"fnMap":{"0":{"name":"populateTable","decl":{"start":{"line":2,"column":9},"end":{"line":2,"column":22}},"loc":{"start":{"line":2,"column":25},"end":{"line":22,"column":1}},"line":2},"1":{"name":"(anonymous_1)","decl":{"start":{"line":5,"column":14},"end":{"line":5,"column":15}},"loc":{"start":{"line":5,"column":26},"end":{"line":10,"column":9}},"line":5},"2":{"name":"(anonymous_2)","decl":{"start":{"line":11,"column":14},"end":{"line":11,"column":15}},"loc":{"start":{"line":11,"column":22},"end":{"line":17,"column":9}},"line":11},"3":{"name":"(anonymous_3)","decl":{"start":{"line":13,"column":41},"end":{"line":13,"column":42}},"loc":{"start":{"line":13,"column":56},"end":{"line":15,"column":13}},"line":13},"4":{"name":"(anonymous_4)","decl":{"start":{"line":18,"column":15},"end":{"line":18,"column":16}},"loc":{"start":{"line":18,"column":24},"end":{"line":21,"column":9}},"line":18},"5":{"name":"(anonymous_5)","decl":{"start":{"line":25,"column":10},"end":{"line":25,"column":11}},"loc":{"start":{"line":25,"column":22},"end":{"line":40,"column":5}},"line":25},"6":{"name":"(anonymous_6)","decl":{"start":{"line":41,"column":11},"end":{"line":41,"column":12}},"loc":{"start":{"line":41,"column":20},"end":{"line":43,"column":5}},"line":41}},"branchMap":{"0":{"loc":{"start":{"line":6,"column":12},"end":{"line":8,"column":13}},"type":"if","locations":[{"start":{"line":6,"column":12},"end":{"line":8,"column":13}},{"start":{},"end":{}}],"line":6}},"s":{"0":2,"1":1,"2":0,"3":1,"4":1,"5":1,"6":1,"7":1,"8":1,"9":1,"10":1,"11":1,"12":1,"13":1,"14":1,"15":1,"16":1,"17":1,"18":1,"19":1,"20":1,"21":1,"22":1,"23":0,"24":0,"25":1,"26":1},"f":{"0":2,"1":1,"2":1,"3":1,"4":1,"5":1,"6":1},"b":{"0":[0,1]},"_coverageSchema":"1a1c01bbd47fc00a2c39e90264f33305004495a9","hash":"e7d5f5275674dce70fed66c3ed57888f717613d9"}
,"C:\\Users\\Thu\\Desktop\\COSC4353\\public\\pages\\profile page\\registration\\registration.js": {"path":"C:\\Users\\Thu\\Desktop\\COSC4353\\public\\pages\\profile page\\registration\\registration.js","statementMap":{"0":{"start":{"line":3,"column":26},"end":{"line":3,"column":63}},"1":{"start":{"line":4,"column":4},"end":{"line":7,"column":5}},"2":{"start":{"line":5,"column":8},"end":{"line":5,"column":55}},"3":{"start":{"line":6,"column":8},"end":{"line":6,"column":21}},"4":{"start":{"line":8,"column":26},"end":{"line":8,"column":67}},"5":{"start":{"line":9,"column":4},"end":{"line":12,"column":5}},"6":{"start":{"line":10,"column":8},"end":{"line":10,"column":60}},"7":{"start":{"line":11,"column":8},"end":{"line":11,"column":21}},"8":{"start":{"line":13,"column":26},"end":{"line":13,"column":67}},"9":{"start":{"line":14,"column":4},"end":{"line":17,"column":5}},"10":{"start":{"line":15,"column":8},"end":{"line":15,"column":60}},"11":{"start":{"line":16,"column":8},"end":{"line":16,"column":21}},"12":{"start":{"line":18,"column":22},"end":{"line":18,"column":59}},"13":{"start":{"line":19,"column":4},"end":{"line":22,"column":5}},"14":{"start":{"line":20,"column":8},"end":{"line":20,"column":55}},"15":{"start":{"line":21,"column":8},"end":{"line":21,"column":21}},"16":{"start":{"line":23,"column":23},"end":{"line":23,"column":61}},"17":{"start":{"line":24,"column":25},"end":{"line":24,"column":66}},"18":{"start":{"line":25,"column":4},"end":{"line":28,"column":5}},"19":{"start":{"line":26,"column":8},"end":{"line":26,"column":47}},"20":{"start":{"line":27,"column":8},"end":{"line":27,"column":21}},"21":{"start":{"line":31,"column":24},"end":{"line":31,"column":76}},"22":{"start":{"line":32,"column":21},"end":{"line":32,"column":41}},"23":{"start":{"line":33,"column":21},"end":{"line":42,"column":5}},"24":{"start":{"line":43,"column":4},"end":{"line":61,"column":7}},"25":{"start":{"line":50,"column":22},"end":{"line":50,"column":37}},"26":{"start":{"line":52,"column":8},"end":{"line":57,"column":9}},"27":{"start":{"line":53,"column":12},"end":{"line":53,"column":49}},"28":{"start":{"line":56,"column":12},"end":{"line":56,"column":65}},"29":{"start":{"line":60,"column":8},"end":{"line":60,"column":40}},"30":{"start":{"line":64,"column":0},"end":{"line":64,"column":29}}},"fnMap":{"0":{"name":"prepareData","decl":{"start":{"line":1,"column":9},"end":{"line":1,"column":20}},"loc":{"start":{"line":1,"column":23},"end":{"line":62,"column":1}},"line":1},"1":{"name":"(anonymous_1)","decl":{"start":{"line":50,"column":10},"end":{"line":50,"column":11}},"loc":{"start":{"line":50,"column":22},"end":{"line":50,"column":37}},"line":50},"2":{"name":"(anonymous_2)","decl":{"start":{"line":51,"column":10},"end":{"line":51,"column":11}},"loc":{"start":{"line":51,"column":18},"end":{"line":58,"column":5}},"line":51},"3":{"name":"(anonymous_3)","decl":{"start":{"line":59,"column":11},"end":{"line":59,"column":12}},"loc":{"start":{"line":59,"column":20},"end":{"line":61,"column":5}},"line":59}},"branchMap":{"0":{"loc":{"start":{"line":4,"column":4},"end":{"line":7,"column":5}},"type":"if","locations":[{"start":{"line":4,"column":4},"end":{"line":7,"column":5}},{"start":{},"end":{}}],"line":4},"1":{"loc":{"start":{"line":4,"column":8},"end":{"line":4,"column":62}},"type":"binary-expr","locations":[{"start":{"line":4,"column":8},"end":{"line":4,"column":33}},{"start":{"line":4,"column":37},"end":{"line":4,"column":62}}],"line":4},"2":{"loc":{"start":{"line":9,"column":4},"end":{"line":12,"column":5}},"type":"if","locations":[{"start":{"line":9,"column":4},"end":{"line":12,"column":5}},{"start":{},"end":{}}],"line":9},"3":{"loc":{"start":{"line":9,"column":8},"end":{"line":9,"column":63}},"type":"binary-expr","locations":[{"start":{"line":9,"column":8},"end":{"line":9,"column":34}},{"start":{"line":9,"column":38},"end":{"line":9,"column":63}}],"line":9},"4":{"loc":{"start":{"line":14,"column":4},"end":{"line":17,"column":5}},"type":"if","locations":[{"start":{"line":14,"column":4},"end":{"line":17,"column":5}},{"start":{},"end":{}}],"line":14},"5":{"loc":{"start":{"line":19,"column":4},"end":{"line":22,"column":5}},"type":"if","locations":[{"start":{"line":19,"column":4},"end":{"line":22,"column":5}},{"start":{},"end":{}}],"line":19},"6":{"loc":{"start":{"line":19,"column":8},"end":{"line":19,"column":55}},"type":"binary-expr","locations":[{"start":{"line":19,"column":8},"end":{"line":19,"column":30}},{"start":{"line":19,"column":34},"end":{"line":19,"column":55}}],"line":19},"7":{"loc":{"start":{"line":25,"column":4},"end":{"line":28,"column":5}},"type":"if","locations":[{"start":{"line":25,"column":4},"end":{"line":28,"column":5}},{"start":{},"end":{}}],"line":25},"8":{"loc":{"start":{"line":25,"column":8},"end":{"line":25,"column":99}},"type":"binary-expr","locations":[{"start":{"line":25,"column":8},"end":{"line":25,"column":45}},{"start":{"line":25,"column":49},"end":{"line":25,"column":72}},{"start":{"line":25,"column":76},"end":{"line":25,"column":99}}],"line":25},"9":{"loc":{"start":{"line":52,"column":8},"end":{"line":57,"column":9}},"type":"if","locations":[{"start":{"line":52,"column":8},"end":{"line":57,"column":9}},{"start":{"line":55,"column":13},"end":{"line":57,"column":9}}],"line":52}},"s":{"0":1,"1":1,"2":0,"3":0,"4":1,"5":1,"6":0,"7":0,"8":1,"9":1,"10":0,"11":0,"12":1,"13":1,"14":0,"15":0,"16":1,"17":1,"18":1,"19":0,"20":0,"21":1,"22":1,"23":1,"24":1,"25":1,"26":1,"27":1,"28":0,"29":1,"30":1},"f":{"0":1,"1":1,"2":1,"3":1},"b":{"0":[0,1],"1":[1,1],"2":[0,1],"3":[1,1],"4":[0,1],"5":[0,1],"6":[1,1],"7":[0,1],"8":[1,1,1],"9":[1,0]},"_coverageSchema":"1a1c01bbd47fc00a2c39e90264f33305004495a9","hash":"cfcf200af98a513b9570cc93590eb02ec255a90f"}
}
