{"C:\\Users\\taylo\\OneDrive\\Documents\\School\\2024\\Software\\COSC4353\\public\\pages\\fuel quote form page\\fuel quote form\\fuelquoteform.js": {"path":"C:\\Users\\taylo\\OneDrive\\Documents\\School\\2024\\Software\\COSC4353\\public\\pages\\fuel quote form page\\fuel quote form\\fuelquoteform.js","statementMap":{"0":{"start":{"line":2,"column":4},"end":{"line":19,"column":10}},"1":{"start":{"line":4,"column":12},"end":{"line":6,"column":13}},"2":{"start":{"line":5,"column":16},"end":{"line":5,"column":62}},"3":{"start":{"line":7,"column":12},"end":{"line":7,"column":35}},"4":{"start":{"line":10,"column":32},"end":{"line":10,"column":82}},"5":{"start":{"line":11,"column":29},"end":{"line":13,"column":14}},"6":{"start":{"line":12,"column":16},"end":{"line":12,"column":62}},"7":{"start":{"line":14,"column":12},"end":{"line":14,"column":31}},"8":{"start":{"line":17,"column":12},"end":{"line":17,"column":57}},"9":{"start":{"line":18,"column":12},"end":{"line":18,"column":22}},"10":{"start":{"line":24,"column":21},"end":{"line":24,"column":24}},"11":{"start":{"line":25,"column":23},"end":{"line":25,"column":26}},"12":{"start":{"line":26,"column":25},"end":{"line":26,"column":28}},"13":{"start":{"line":27,"column":18},"end":{"line":27,"column":67}},"14":{"start":{"line":28,"column":4},"end":{"line":30,"column":5}},"15":{"start":{"line":29,"column":8},"end":{"line":29,"column":27}},"16":{"start":{"line":31,"column":4},"end":{"line":33,"column":5}},"17":{"start":{"line":32,"column":8},"end":{"line":32,"column":25}},"18":{"start":{"line":34,"column":4},"end":{"line":36,"column":5}},"19":{"start":{"line":35,"column":8},"end":{"line":35,"column":30}},"20":{"start":{"line":37,"column":25},"end":{"line":37,"column":82}},"21":{"start":{"line":38,"column":4},"end":{"line":38,"column":73}},"22":{"start":{"line":39,"column":4},"end":{"line":39,"column":98}},"23":{"start":{"line":44,"column":4},"end":{"line":51,"column":5}},"24":{"start":{"line":53,"column":4},"end":{"line":71,"column":7}},"25":{"start":{"line":60,"column":22},"end":{"line":60,"column":37}},"26":{"start":{"line":62,"column":8},"end":{"line":67,"column":9}},"27":{"start":{"line":63,"column":12},"end":{"line":63,"column":63}},"28":{"start":{"line":66,"column":12},"end":{"line":66,"column":67}},"29":{"start":{"line":70,"column":8},"end":{"line":70,"column":40}},"30":{"start":{"line":76,"column":22},"end":{"line":76,"column":57}},"31":{"start":{"line":77,"column":5},"end":{"line":77,"column":40}},"32":{"start":{"line":78,"column":22},"end":{"line":78,"column":57}},"33":{"start":{"line":79,"column":5},"end":{"line":79,"column":40}},"34":{"start":{"line":80,"column":19},"end":{"line":80,"column":51}},"35":{"start":{"line":81,"column":5},"end":{"line":81,"column":34}},"36":{"start":{"line":82,"column":28},"end":{"line":82,"column":63}},"37":{"start":{"line":83,"column":5},"end":{"line":85,"column":6}},"38":{"start":{"line":84,"column":9},"end":{"line":84,"column":28}},"39":{"start":{"line":86,"column":26},"end":{"line":86,"column":59}},"40":{"start":{"line":87,"column":5},"end":{"line":89,"column":6}},"41":{"start":{"line":88,"column":9},"end":{"line":88,"column":30}},"42":{"start":{"line":92,"column":0},"end":{"line":98,"column":7}},"43":{"start":{"line":94,"column":7},"end":{"line":94,"column":26}},"44":{"start":{"line":97,"column":8},"end":{"line":97,"column":40}},"45":{"start":{"line":104,"column":34},"end":{"line":104,"column":77}},"46":{"start":{"line":105,"column":30},"end":{"line":105,"column":69}},"47":{"start":{"line":106,"column":4},"end":{"line":106,"column":80}},"48":{"start":{"line":110,"column":0},"end":{"line":120,"column":3}},"49":{"start":{"line":111,"column":4},"end":{"line":119,"column":7}},"50":{"start":{"line":112,"column":8},"end":{"line":118,"column":9}},"51":{"start":{"line":113,"column":12},"end":{"line":113,"column":64}},"52":{"start":{"line":114,"column":12},"end":{"line":114,"column":62}},"53":{"start":{"line":116,"column":12},"end":{"line":116,"column":65}},"54":{"start":{"line":117,"column":12},"end":{"line":117,"column":63}},"55":{"start":{"line":123,"column":0},"end":{"line":123,"column":83}}},"fnMap":{"0":{"name":"populateTable","decl":{"start":{"line":1,"column":9},"end":{"line":1,"column":22}},"loc":{"start":{"line":1,"column":25},"end":{"line":20,"column":1}},"line":1},"1":{"name":"(anonymous_1)","decl":{"start":{"line":3,"column":14},"end":{"line":3,"column":15}},"loc":{"start":{"line":3,"column":26},"end":{"line":8,"column":9}},"line":3},"2":{"name":"(anonymous_2)","decl":{"start":{"line":9,"column":14},"end":{"line":9,"column":15}},"loc":{"start":{"line":9,"column":22},"end":{"line":15,"column":9}},"line":9},"3":{"name":"(anonymous_3)","decl":{"start":{"line":11,"column":41},"end":{"line":11,"column":42}},"loc":{"start":{"line":11,"column":56},"end":{"line":13,"column":13}},"line":11},"4":{"name":"(anonymous_4)","decl":{"start":{"line":16,"column":15},"end":{"line":16,"column":16}},"loc":{"start":{"line":16,"column":24},"end":{"line":19,"column":9}},"line":16},"5":{"name":"getQuote","decl":{"start":{"line":22,"column":9},"end":{"line":22,"column":17}},"loc":{"start":{"line":22,"column":28},"end":{"line":40,"column":1}},"line":22},"6":{"name":"submitForm","decl":{"start":{"line":42,"column":9},"end":{"line":42,"column":19}},"loc":{"start":{"line":42,"column":30},"end":{"line":72,"column":1}},"line":42},"7":{"name":"(anonymous_7)","decl":{"start":{"line":60,"column":10},"end":{"line":60,"column":11}},"loc":{"start":{"line":60,"column":22},"end":{"line":60,"column":37}},"line":60},"8":{"name":"(anonymous_8)","decl":{"start":{"line":61,"column":10},"end":{"line":61,"column":11}},"loc":{"start":{"line":61,"column":18},"end":{"line":68,"column":5}},"line":61},"9":{"name":"(anonymous_9)","decl":{"start":{"line":69,"column":11},"end":{"line":69,"column":12}},"loc":{"start":{"line":69,"column":20},"end":{"line":71,"column":5}},"line":69},"10":{"name":"populate","decl":{"start":{"line":74,"column":9},"end":{"line":74,"column":17}},"loc":{"start":{"line":74,"column":28},"end":{"line":90,"column":1}},"line":74},"11":{"name":"(anonymous_11)","decl":{"start":{"line":83,"column":30},"end":{"line":83,"column":31}},"loc":{"start":{"line":83,"column":42},"end":{"line":85,"column":6}},"line":83},"12":{"name":"(anonymous_12)","decl":{"start":{"line":87,"column":28},"end":{"line":87,"column":29}},"loc":{"start":{"line":87,"column":40},"end":{"line":89,"column":6}},"line":87},"13":{"name":"(anonymous_13)","decl":{"start":{"line":93,"column":10},"end":{"line":93,"column":11}},"loc":{"start":{"line":93,"column":22},"end":{"line":95,"column":5}},"line":93},"14":{"name":"(anonymous_14)","decl":{"start":{"line":96,"column":11},"end":{"line":96,"column":12}},"loc":{"start":{"line":96,"column":20},"end":{"line":98,"column":5}},"line":96},"15":{"name":"checkFormEmpty","decl":{"start":{"line":103,"column":9},"end":{"line":103,"column":23}},"loc":{"start":{"line":103,"column":26},"end":{"line":107,"column":1}},"line":103},"16":{"name":"(anonymous_16)","decl":{"start":{"line":110,"column":88},"end":{"line":110,"column":89}},"loc":{"start":{"line":110,"column":104},"end":{"line":120,"column":1}},"line":110},"17":{"name":"(anonymous_17)","decl":{"start":{"line":111,"column":36},"end":{"line":111,"column":37}},"loc":{"start":{"line":111,"column":47},"end":{"line":119,"column":5}},"line":111}},"branchMap":{"0":{"loc":{"start":{"line":4,"column":12},"end":{"line":6,"column":13}},"type":"if","locations":[{"start":{"line":4,"column":12},"end":{"line":6,"column":13}},{"start":{},"end":{}}],"line":4},"1":{"loc":{"start":{"line":28,"column":4},"end":{"line":30,"column":5}},"type":"if","locations":[{"start":{"line":28,"column":4},"end":{"line":30,"column":5}},{"start":{},"end":{}}],"line":28},"2":{"loc":{"start":{"line":31,"column":4},"end":{"line":33,"column":5}},"type":"if","locations":[{"start":{"line":31,"column":4},"end":{"line":33,"column":5}},{"start":{},"end":{}}],"line":31},"3":{"loc":{"start":{"line":34,"column":4},"end":{"line":36,"column":5}},"type":"if","locations":[{"start":{"line":34,"column":4},"end":{"line":36,"column":5}},{"start":{},"end":{}}],"line":34},"4":{"loc":{"start":{"line":62,"column":8},"end":{"line":67,"column":9}},"type":"if","locations":[{"start":{"line":62,"column":8},"end":{"line":67,"column":9}},{"start":{"line":65,"column":13},"end":{"line":67,"column":9}}],"line":62},"5":{"loc":{"start":{"line":106,"column":11},"end":{"line":106,"column":79}},"type":"binary-expr","locations":[{"start":{"line":106,"column":11},"end":{"line":106,"column":45}},{"start":{"line":106,"column":49},"end":{"line":106,"column":79}}],"line":106},"6":{"loc":{"start":{"line":112,"column":8},"end":{"line":118,"column":9}},"type":"if","locations":[{"start":{"line":112,"column":8},"end":{"line":118,"column":9}},{"start":{"line":115,"column":15},"end":{"line":118,"column":9}}],"line":112}},"s":{"0":3,"1":1,"2":0,"3":1,"4":1,"5":1,"6":1,"7":1,"8":2,"9":2,"10":2,"11":2,"12":2,"13":2,"14":2,"15":1,"16":2,"17":1,"18":2,"19":1,"20":2,"21":2,"22":2,"23":1,"24":1,"25":1,"26":1,"27":0,"28":1,"29":0,"30":2,"31":2,"32":1,"33":1,"34":1,"35":1,"36":1,"37":1,"38":0,"39":1,"40":1,"41":0,"42":1,"43":1,"44":1,"45":2,"46":2,"47":2,"48":1,"49":0,"50":0,"51":0,"52":0,"53":0,"54":0,"55":1},"f":{"0":3,"1":1,"2":1,"3":1,"4":2,"5":2,"6":1,"7":1,"8":1,"9":0,"10":2,"11":0,"12":0,"13":1,"14":1,"15":2,"16":0,"17":0},"b":{"0":[0,1],"1":[1,1],"2":[1,1],"3":[1,1],"4":[0,1],"5":[2,1],"6":[0,0]},"_coverageSchema":"1a1c01bbd47fc00a2c39e90264f33305004495a9","hash":"1fa2d8c15107e3c8020464456fcc69557ad8c8b9"}
,"C:\\Users\\taylo\\OneDrive\\Documents\\School\\2024\\Software\\COSC4353\\public\\pages\\fuel quote form page\\fuel quote history\\fuelquotehistory.js": {"path":"C:\\Users\\taylo\\OneDrive\\Documents\\School\\2024\\Software\\COSC4353\\public\\pages\\fuel quote form page\\fuel quote history\\fuelquotehistory.js","statementMap":{"0":{"start":{"line":3,"column":4},"end":{"line":37,"column":11}},"1":{"start":{"line":5,"column":12},"end":{"line":7,"column":13}},"2":{"start":{"line":6,"column":16},"end":{"line":6,"column":63}},"3":{"start":{"line":8,"column":12},"end":{"line":8,"column":35}},"4":{"start":{"line":12,"column":33},"end":{"line":12,"column":83}},"5":{"start":{"line":15,"column":32},"end":{"line":15,"column":96}},"6":{"start":{"line":15,"column":53},"end":{"line":15,"column":95}},"7":{"start":{"line":18,"column":32},"end":{"line":24,"column":13}},"8":{"start":{"line":27,"column":12},"end":{"line":30,"column":14}},"9":{"start":{"line":34,"column":12},"end":{"line":34,"column":57}},"10":{"start":{"line":36,"column":12},"end":{"line":36,"column":22}},"11":{"start":{"line":42,"column":22},"end":{"line":42,"column":69}},"12":{"start":{"line":43,"column":4},"end":{"line":43,"column":29}},"13":{"start":{"line":46,"column":4},"end":{"line":60,"column":5}},"14":{"start":{"line":47,"column":8},"end":{"line":57,"column":11}},"15":{"start":{"line":48,"column":24},"end":{"line":48,"column":52}},"16":{"start":{"line":49,"column":12},"end":{"line":55,"column":14}},"17":{"start":{"line":56,"column":12},"end":{"line":56,"column":39}},"18":{"start":{"line":59,"column":8},"end":{"line":59,"column":67}},"19":{"start":{"line":66,"column":0},"end":{"line":73,"column":7}},"20":{"start":{"line":68,"column":8},"end":{"line":68,"column":33}},"21":{"start":{"line":69,"column":8},"end":{"line":69,"column":35}},"22":{"start":{"line":72,"column":8},"end":{"line":72,"column":39}},"23":{"start":{"line":76,"column":4},"end":{"line":79,"column":6}}},"fnMap":{"0":{"name":"fetchFuelQuoteHistory","decl":{"start":{"line":2,"column":9},"end":{"line":2,"column":30}},"loc":{"start":{"line":2,"column":33},"end":{"line":38,"column":1}},"line":2},"1":{"name":"(anonymous_1)","decl":{"start":{"line":4,"column":14},"end":{"line":4,"column":15}},"loc":{"start":{"line":4,"column":26},"end":{"line":9,"column":9}},"line":4},"2":{"name":"(anonymous_2)","decl":{"start":{"line":10,"column":14},"end":{"line":10,"column":15}},"loc":{"start":{"line":10,"column":22},"end":{"line":32,"column":9}},"line":10},"3":{"name":"(anonymous_3)","decl":{"start":{"line":15,"column":42},"end":{"line":15,"column":43}},"loc":{"start":{"line":15,"column":53},"end":{"line":15,"column":95}},"line":15},"4":{"name":"(anonymous_4)","decl":{"start":{"line":33,"column":15},"end":{"line":33,"column":16}},"loc":{"start":{"line":33,"column":24},"end":{"line":37,"column":9}},"line":33},"5":{"name":"populateTable","decl":{"start":{"line":41,"column":9},"end":{"line":41,"column":22}},"loc":{"start":{"line":41,"column":29},"end":{"line":61,"column":1}},"line":41},"6":{"name":"(anonymous_6)","decl":{"start":{"line":47,"column":29},"end":{"line":47,"column":30}},"loc":{"start":{"line":47,"column":38},"end":{"line":57,"column":9}},"line":47},"7":{"name":"(anonymous_7)","decl":{"start":{"line":67,"column":10},"end":{"line":67,"column":11}},"loc":{"start":{"line":67,"column":25},"end":{"line":70,"column":5}},"line":67},"8":{"name":"(anonymous_8)","decl":{"start":{"line":71,"column":11},"end":{"line":71,"column":12}},"loc":{"start":{"line":71,"column":20},"end":{"line":73,"column":5}},"line":71}},"branchMap":{"0":{"loc":{"start":{"line":5,"column":12},"end":{"line":7,"column":13}},"type":"if","locations":[{"start":{"line":5,"column":12},"end":{"line":7,"column":13}},{"start":{},"end":{}}],"line":5},"1":{"loc":{"start":{"line":19,"column":26},"end":{"line":19,"column":52}},"type":"binary-expr","locations":[{"start":{"line":19,"column":26},"end":{"line":19,"column":46}},{"start":{"line":19,"column":50},"end":{"line":19,"column":52}}],"line":19},"2":{"loc":{"start":{"line":20,"column":26},"end":{"line":20,"column":52}},"type":"binary-expr","locations":[{"start":{"line":20,"column":26},"end":{"line":20,"column":46}},{"start":{"line":20,"column":50},"end":{"line":20,"column":52}}],"line":20},"3":{"loc":{"start":{"line":21,"column":22},"end":{"line":21,"column":44}},"type":"binary-expr","locations":[{"start":{"line":21,"column":22},"end":{"line":21,"column":38}},{"start":{"line":21,"column":42},"end":{"line":21,"column":44}}],"line":21},"4":{"loc":{"start":{"line":22,"column":23},"end":{"line":22,"column":46}},"type":"binary-expr","locations":[{"start":{"line":22,"column":23},"end":{"line":22,"column":40}},{"start":{"line":22,"column":44},"end":{"line":22,"column":46}}],"line":22},"5":{"loc":{"start":{"line":23,"column":25},"end":{"line":23,"column":50}},"type":"binary-expr","locations":[{"start":{"line":23,"column":25},"end":{"line":23,"column":44}},{"start":{"line":23,"column":48},"end":{"line":23,"column":50}}],"line":23},"6":{"loc":{"start":{"line":29,"column":25},"end":{"line":29,"column":63}},"type":"cond-expr","locations":[{"start":{"line":29,"column":39},"end":{"line":29,"column":58}},{"start":{"line":29,"column":61},"end":{"line":29,"column":63}}],"line":29},"7":{"loc":{"start":{"line":46,"column":4},"end":{"line":60,"column":5}},"type":"if","locations":[{"start":{"line":46,"column":4},"end":{"line":60,"column":5}},{"start":{"line":58,"column":11},"end":{"line":60,"column":5}}],"line":46},"8":{"loc":{"start":{"line":46,"column":8},"end":{"line":46,"column":59}},"type":"binary-expr","locations":[{"start":{"line":46,"column":8},"end":{"line":46,"column":12}},{"start":{"line":46,"column":16},"end":{"line":46,"column":28}},{"start":{"line":46,"column":32},"end":{"line":46,"column":59}}],"line":46},"9":{"loc":{"start":{"line":51,"column":48},"end":{"line":51,"column":105}},"type":"cond-expr","locations":[{"start":{"line":51,"column":72},"end":{"line":51,"column":100}},{"start":{"line":51,"column":103},"end":{"line":51,"column":105}}],"line":51}},"s":{"0":3,"1":2,"2":1,"3":1,"4":1,"5":1,"6":1,"7":1,"8":1,"9":2,"10":2,"11":3,"12":3,"13":2,"14":1,"15":1,"16":1,"17":1,"18":1,"19":1,"20":1,"21":1,"22":1,"23":1},"f":{"0":3,"1":2,"2":1,"3":1,"4":2,"5":3,"6":1,"7":1,"8":1},"b":{"0":[1,1],"1":[1,0],"2":[1,1],"3":[1,0],"4":[1,0],"5":[1,0],"6":[1,0],"7":[1,1],"8":[2,2,1],"9":[0,1]},"_coverageSchema":"1a1c01bbd47fc00a2c39e90264f33305004495a9","hash":"315b1d61bb9e0f5196f3cdefe384e803e23536e6"}
,"C:\\Users\\taylo\\OneDrive\\Documents\\School\\2024\\Software\\COSC4353\\public\\pages\\profile page\\profile\\profile.js": {"path":"C:\\Users\\taylo\\OneDrive\\Documents\\School\\2024\\Software\\COSC4353\\public\\pages\\profile page\\profile\\profile.js","statementMap":{"0":{"start":{"line":4,"column":4},"end":{"line":21,"column":11}},"1":{"start":{"line":6,"column":12},"end":{"line":8,"column":13}},"2":{"start":{"line":7,"column":16},"end":{"line":7,"column":55}},"3":{"start":{"line":9,"column":12},"end":{"line":9,"column":35}},"4":{"start":{"line":12,"column":32},"end":{"line":12,"column":82}},"5":{"start":{"line":13,"column":29},"end":{"line":15,"column":14}},"6":{"start":{"line":14,"column":16},"end":{"line":14,"column":62}},"7":{"start":{"line":16,"column":12},"end":{"line":16,"column":28}},"8":{"start":{"line":19,"column":12},"end":{"line":19,"column":57}},"9":{"start":{"line":20,"column":12},"end":{"line":20,"column":22}},"10":{"start":{"line":24,"column":0},"end":{"line":43,"column":7}},"11":{"start":{"line":26,"column":8},"end":{"line":26,"column":33}},"12":{"start":{"line":27,"column":22},"end":{"line":27,"column":53}},"13":{"start":{"line":28,"column":22},"end":{"line":28,"column":85}},"14":{"start":{"line":29,"column":30},"end":{"line":29,"column":94}},"15":{"start":{"line":30,"column":8},"end":{"line":39,"column":9}},"16":{"start":{"line":30,"column":21},"end":{"line":30,"column":22}},"17":{"start":{"line":31,"column":23},"end":{"line":31,"column":51}},"18":{"start":{"line":32,"column":23},"end":{"line":32,"column":51}},"19":{"start":{"line":33,"column":12},"end":{"line":33,"column":45}},"20":{"start":{"line":34,"column":12},"end":{"line":34,"column":31}},"21":{"start":{"line":35,"column":28},"end":{"line":35,"column":56}},"22":{"start":{"line":36,"column":12},"end":{"line":36,"column":64}},"23":{"start":{"line":37,"column":12},"end":{"line":37,"column":36}},"24":{"start":{"line":38,"column":12},"end":{"line":38,"column":34}},"25":{"start":{"line":42,"column":8},"end":{"line":42,"column":40}},"26":{"start":{"line":45,"column":0},"end":{"line":45,"column":31}}},"fnMap":{"0":{"name":"populateTable","decl":{"start":{"line":2,"column":9},"end":{"line":2,"column":22}},"loc":{"start":{"line":2,"column":25},"end":{"line":22,"column":1}},"line":2},"1":{"name":"(anonymous_1)","decl":{"start":{"line":5,"column":14},"end":{"line":5,"column":15}},"loc":{"start":{"line":5,"column":26},"end":{"line":10,"column":9}},"line":5},"2":{"name":"(anonymous_2)","decl":{"start":{"line":11,"column":14},"end":{"line":11,"column":15}},"loc":{"start":{"line":11,"column":22},"end":{"line":17,"column":9}},"line":11},"3":{"name":"(anonymous_3)","decl":{"start":{"line":13,"column":41},"end":{"line":13,"column":42}},"loc":{"start":{"line":13,"column":56},"end":{"line":15,"column":13}},"line":13},"4":{"name":"(anonymous_4)","decl":{"start":{"line":18,"column":15},"end":{"line":18,"column":16}},"loc":{"start":{"line":18,"column":24},"end":{"line":21,"column":9}},"line":18},"5":{"name":"(anonymous_5)","decl":{"start":{"line":25,"column":10},"end":{"line":25,"column":11}},"loc":{"start":{"line":25,"column":22},"end":{"line":40,"column":5}},"line":25},"6":{"name":"(anonymous_6)","decl":{"start":{"line":41,"column":11},"end":{"line":41,"column":12}},"loc":{"start":{"line":41,"column":20},"end":{"line":43,"column":5}},"line":41}},"branchMap":{"0":{"loc":{"start":{"line":6,"column":12},"end":{"line":8,"column":13}},"type":"if","locations":[{"start":{"line":6,"column":12},"end":{"line":8,"column":13}},{"start":{},"end":{}}],"line":6}},"s":{"0":2,"1":1,"2":0,"3":1,"4":1,"5":1,"6":1,"7":1,"8":1,"9":1,"10":1,"11":1,"12":1,"13":1,"14":1,"15":1,"16":1,"17":1,"18":1,"19":1,"20":1,"21":1,"22":1,"23":0,"24":0,"25":1,"26":1},"f":{"0":2,"1":1,"2":1,"3":1,"4":1,"5":1,"6":1},"b":{"0":[0,1]},"_coverageSchema":"1a1c01bbd47fc00a2c39e90264f33305004495a9","hash":"39e17a9b2ac03479e77ec59acbf94595fea514bc"}
,"C:\\Users\\taylo\\OneDrive\\Documents\\School\\2024\\Software\\COSC4353\\public\\pages\\profile page\\registration\\registration.js": {"path":"C:\\Users\\taylo\\OneDrive\\Documents\\School\\2024\\Software\\COSC4353\\public\\pages\\profile page\\registration\\registration.js","statementMap":{"0":{"start":{"line":3,"column":26},"end":{"line":3,"column":63}},"1":{"start":{"line":4,"column":4},"end":{"line":7,"column":5}},"2":{"start":{"line":5,"column":8},"end":{"line":5,"column":40}},"3":{"start":{"line":6,"column":8},"end":{"line":6,"column":21}},"4":{"start":{"line":8,"column":26},"end":{"line":8,"column":67}},"5":{"start":{"line":9,"column":26},"end":{"line":9,"column":67}},"6":{"start":{"line":10,"column":22},"end":{"line":10,"column":59}},"7":{"start":{"line":11,"column":23},"end":{"line":11,"column":61}},"8":{"start":{"line":12,"column":25},"end":{"line":12,"column":66}},"9":{"start":{"line":13,"column":4},"end":{"line":16,"column":5}},"10":{"start":{"line":14,"column":8},"end":{"line":14,"column":47}},"11":{"start":{"line":15,"column":8},"end":{"line":15,"column":21}},"12":{"start":{"line":19,"column":24},"end":{"line":19,"column":76}},"13":{"start":{"line":20,"column":21},"end":{"line":20,"column":41}},"14":{"start":{"line":21,"column":21},"end":{"line":30,"column":5}},"15":{"start":{"line":31,"column":4},"end":{"line":49,"column":7}},"16":{"start":{"line":38,"column":22},"end":{"line":38,"column":37}},"17":{"start":{"line":40,"column":8},"end":{"line":45,"column":9}},"18":{"start":{"line":41,"column":12},"end":{"line":41,"column":49}},"19":{"start":{"line":44,"column":12},"end":{"line":44,"column":65}},"20":{"start":{"line":48,"column":8},"end":{"line":48,"column":40}},"21":{"start":{"line":52,"column":0},"end":{"line":52,"column":29}}},"fnMap":{"0":{"name":"prepareData","decl":{"start":{"line":1,"column":9},"end":{"line":1,"column":20}},"loc":{"start":{"line":1,"column":23},"end":{"line":50,"column":1}},"line":1},"1":{"name":"(anonymous_1)","decl":{"start":{"line":38,"column":10},"end":{"line":38,"column":11}},"loc":{"start":{"line":38,"column":22},"end":{"line":38,"column":37}},"line":38},"2":{"name":"(anonymous_2)","decl":{"start":{"line":39,"column":10},"end":{"line":39,"column":11}},"loc":{"start":{"line":39,"column":18},"end":{"line":46,"column":5}},"line":39},"3":{"name":"(anonymous_3)","decl":{"start":{"line":47,"column":11},"end":{"line":47,"column":12}},"loc":{"start":{"line":47,"column":20},"end":{"line":49,"column":5}},"line":47}},"branchMap":{"0":{"loc":{"start":{"line":4,"column":4},"end":{"line":7,"column":5}},"type":"if","locations":[{"start":{"line":4,"column":4},"end":{"line":7,"column":5}},{"start":{},"end":{}}],"line":4},"1":{"loc":{"start":{"line":13,"column":4},"end":{"line":16,"column":5}},"type":"if","locations":[{"start":{"line":13,"column":4},"end":{"line":16,"column":5}},{"start":{},"end":{}}],"line":13},"2":{"loc":{"start":{"line":13,"column":8},"end":{"line":13,"column":99}},"type":"binary-expr","locations":[{"start":{"line":13,"column":8},"end":{"line":13,"column":45}},{"start":{"line":13,"column":49},"end":{"line":13,"column":72}},{"start":{"line":13,"column":76},"end":{"line":13,"column":99}}],"line":13},"3":{"loc":{"start":{"line":40,"column":8},"end":{"line":45,"column":9}},"type":"if","locations":[{"start":{"line":40,"column":8},"end":{"line":45,"column":9}},{"start":{"line":43,"column":13},"end":{"line":45,"column":9}}],"line":40}},"s":{"0":3,"1":3,"2":1,"3":1,"4":2,"5":2,"6":2,"7":2,"8":2,"9":2,"10":1,"11":1,"12":1,"13":1,"14":1,"15":1,"16":1,"17":1,"18":1,"19":0,"20":1,"21":1},"f":{"0":3,"1":1,"2":1,"3":1},"b":{"0":[1,2],"1":[1,1],"2":[2,1,1],"3":[1,0]},"_coverageSchema":"1a1c01bbd47fc00a2c39e90264f33305004495a9","hash":"b23a67dc066649b6d076d97c38ebbc91d20e4e38"}
}
