TN:
SF:public\pages\fuel quote form page\fuel quote history\fuelquotehistory.js
FN:2,fetchFuelQuoteHistory
FN:4,(anonymous_1)
FN:10,(anonymous_2)
FN:15,(anonymous_3)
FN:33,(anonymous_4)
FN:41,populateTable
FN:47,(anonymous_6)
FN:67,(anonymous_7)
FN:71,(anonymous_8)
FNF:9
FNH:9
FNDA:3,fetchFuelQuoteHistory
FNDA:2,(anonymous_1)
FNDA:1,(anonymous_2)
FNDA:1,(anonymous_3)
FNDA:2,(anonymous_4)
FNDA:3,populateTable
FNDA:1,(anonymous_6)
FNDA:1,(anonymous_7)
FNDA:1,(anonymous_8)
DA:3,3
DA:5,2
DA:6,1
DA:8,1
DA:12,1
DA:15,1
DA:18,1
DA:27,1
DA:34,2
DA:36,2
DA:42,3
DA:43,3
DA:46,2
DA:47,1
DA:48,1
DA:49,1
DA:56,1
DA:59,1
DA:66,1
DA:68,1
DA:69,1
DA:72,1
DA:76,1
LF:23
LH:23
BRDA:5,0,0,1
BRDA:5,0,1,1
BRDA:19,1,0,1
BRDA:19,1,1,0
BRDA:20,2,0,1
BRDA:20,2,1,1
BRDA:21,3,0,1
BRDA:21,3,1,0
BRDA:22,4,0,1
BRDA:22,4,1,0
BRDA:23,5,0,1
BRDA:23,5,1,0
BRDA:29,6,0,1
BRDA:29,6,1,0
BRDA:46,7,0,1
BRDA:46,7,1,1
BRDA:46,8,0,2
BRDA:46,8,1,2
BRDA:46,8,2,1
BRDA:51,9,0,0
BRDA:51,9,1,1
BRF:21
BRH:15
end_of_record
TN:
SF:public\pages\profile page\profile\profile.js
FN:2,populateTable
FN:5,(anonymous_1)
FN:11,(anonymous_2)
FN:13,(anonymous_3)
FN:18,(anonymous_4)
FN:25,(anonymous_5)
FN:41,(anonymous_6)
FNF:7
FNH:7
FNDA:2,populateTable
FNDA:1,(anonymous_1)
FNDA:1,(anonymous_2)
FNDA:1,(anonymous_3)
FNDA:1,(anonymous_4)
FNDA:1,(anonymous_5)
FNDA:1,(anonymous_6)
DA:4,2
DA:6,1
DA:7,0
DA:9,1
DA:12,1
DA:13,1
DA:14,1
DA:16,1
DA:19,1
DA:20,1
DA:24,1
DA:26,1
DA:27,1
DA:28,1
DA:29,1
DA:30,1
DA:31,1
DA:32,1
DA:33,1
DA:34,1
DA:35,1
DA:36,1
DA:37,0
DA:38,0
DA:42,1
DA:45,1
LF:26
LH:23
BRDA:6,0,0,0
BRDA:6,0,1,1
BRF:2
BRH:1
end_of_record
TN:
SF:public\pages\profile page\registration\registration.js
FN:1,prepareData
FN:34,(anonymous_1)
FN:35,(anonymous_2)
FN:43,(anonymous_3)
FNF:4
FNH:4
FNDA:1,prepareData
FNDA:1,(anonymous_1)
FNDA:1,(anonymous_2)
FNDA:1,(anonymous_3)
DA:3,1
DA:4,1
DA:5,1
DA:6,1
DA:7,1
DA:8,1
DA:9,1
DA:10,0
DA:11,0
DA:15,1
DA:16,1
DA:17,1
DA:27,1
DA:34,1
DA:36,1
DA:37,1
DA:40,0
DA:44,1
DA:48,1
LF:19
LH:16
BRDA:9,0,0,0
BRDA:9,0,1,1
BRDA:9,1,0,1
BRDA:9,1,1,1
BRDA:9,1,2,1
BRDA:36,2,0,1
BRDA:36,2,1,0
BRF:7
BRH:5
end_of_record
