TN:
SF:public\pages\fuel quote form page\fuel quote form\fuelquoteform.js
FN:1,populateTable
FN:3,(anonymous_1)
FN:9,(anonymous_2)
FN:11,(anonymous_3)
FN:16,(anonymous_4)
FN:22,getQuote
FN:42,submitForm
FN:60,(anonymous_7)
FN:61,(anonymous_8)
FN:69,(anonymous_9)
FN:74,populate
FN:83,(anonymous_11)
FN:87,(anonymous_12)
FN:93,(anonymous_13)
FN:96,(anonymous_14)
FNF:15
FNH:12
FNDA:3,populateTable
FNDA:1,(anonymous_1)
FNDA:1,(anonymous_2)
FNDA:1,(anonymous_3)
FNDA:2,(anonymous_4)
FNDA:1,getQuote
FNDA:1,submitForm
FNDA:1,(anonymous_7)
FNDA:1,(anonymous_8)
FNDA:0,(anonymous_9)
FNDA:2,populate
FNDA:0,(anonymous_11)
FNDA:0,(anonymous_12)
FNDA:1,(anonymous_13)
FNDA:1,(anonymous_14)
DA:2,3
DA:4,1
DA:5,0
DA:7,1
DA:10,1
DA:11,1
DA:12,1
DA:14,1
DA:17,2
DA:18,2
DA:24,1
DA:25,1
DA:26,1
DA:27,1
DA:28,1
DA:29,0
DA:31,1
DA:32,0
DA:34,1
DA:35,0
DA:37,1
DA:38,1
DA:39,1
DA:44,1
DA:53,1
DA:60,1
DA:62,1
DA:63,0
DA:66,1
DA:70,0
DA:76,2
DA:77,2
DA:78,1
DA:79,1
DA:80,1
DA:81,1
DA:82,1
DA:83,1
DA:84,0
DA:86,1
DA:87,1
DA:88,0
DA:92,1
DA:94,1
DA:97,1
DA:128,1
LF:46
LH:38
BRDA:4,0,0,0
BRDA:4,0,1,1
BRDA:28,1,0,0
BRDA:28,1,1,1
BRDA:31,2,0,0
BRDA:31,2,1,1
BRDA:34,3,0,0
BRDA:34,3,1,1
BRDA:62,4,0,0
BRDA:62,4,1,1
BRF:10
BRH:5
end_of_record
TN:
SF:public\pages\fuel quote form page\fuel quote history\fuelquotehistory.js
FN:2,fetchFuelQuoteHistory
FN:4,(anonymous_1)
FN:10,(anonymous_2)
FN:15,(anonymous_3)
FN:33,(anonymous_4)
FN:41,populateTable
FN:47,(anonymous_6)
FN:67,(anonymous_7)
FN:71,(anonymous_8)
FNF:9
FNH:9
FNDA:3,fetchFuelQuoteHistory
FNDA:2,(anonymous_1)
FNDA:1,(anonymous_2)
FNDA:1,(anonymous_3)
FNDA:2,(anonymous_4)
FNDA:3,populateTable
FNDA:1,(anonymous_6)
FNDA:1,(anonymous_7)
FNDA:1,(anonymous_8)
DA:3,3
DA:5,2
DA:6,1
DA:8,1
DA:12,1
DA:15,1
DA:18,1
DA:27,1
DA:34,2
DA:36,2
DA:42,3
DA:43,3
DA:46,2
DA:47,1
DA:48,1
DA:49,1
DA:56,1
DA:59,1
DA:66,1
DA:68,1
DA:69,1
DA:72,1
DA:76,1
LF:23
LH:23
BRDA:5,0,0,1
BRDA:5,0,1,1
BRDA:19,1,0,1
BRDA:19,1,1,0
BRDA:20,2,0,1
BRDA:20,2,1,1
BRDA:21,3,0,1
BRDA:21,3,1,0
BRDA:22,4,0,1
BRDA:22,4,1,0
BRDA:23,5,0,1
BRDA:23,5,1,0
BRDA:29,6,0,1
BRDA:29,6,1,0
BRDA:46,7,0,1
BRDA:46,7,1,1
BRDA:46,8,0,2
BRDA:46,8,1,2
BRDA:46,8,2,1
BRDA:51,9,0,0
BRDA:51,9,1,1
BRF:21
BRH:15
end_of_record
TN:
SF:public\pages\profile page\profile\profile.js
FN:2,populateTable
FN:5,(anonymous_1)
FN:11,(anonymous_2)
FN:13,(anonymous_3)
FN:18,(anonymous_4)
FN:25,(anonymous_5)
FN:41,(anonymous_6)
FNF:7
FNH:7
FNDA:2,populateTable
FNDA:1,(anonymous_1)
FNDA:1,(anonymous_2)
FNDA:1,(anonymous_3)
FNDA:1,(anonymous_4)
FNDA:1,(anonymous_5)
FNDA:1,(anonymous_6)
DA:4,2
DA:6,1
DA:7,0
DA:9,1
DA:12,1
DA:13,1
DA:14,1
DA:16,1
DA:19,1
DA:20,1
DA:24,1
DA:26,1
DA:27,1
DA:28,1
DA:29,1
DA:30,1
DA:31,1
DA:32,1
DA:33,1
DA:34,1
DA:35,1
DA:36,1
DA:37,0
DA:38,0
DA:42,1
DA:45,1
LF:26
LH:23
BRDA:6,0,0,0
BRDA:6,0,1,1
BRF:2
BRH:1
end_of_record
TN:
SF:public\pages\profile page\registration\registration.js
FN:1,prepareData
FN:34,(anonymous_1)
FN:35,(anonymous_2)
FN:43,(anonymous_3)
FNF:4
FNH:4
FNDA:1,prepareData
FNDA:1,(anonymous_1)
FNDA:1,(anonymous_2)
FNDA:1,(anonymous_3)
DA:3,1
DA:4,1
DA:5,1
DA:6,1
DA:7,1
DA:8,1
DA:9,1
DA:10,0
DA:11,0
DA:15,1
DA:16,1
DA:17,1
DA:27,1
DA:34,1
DA:36,1
DA:37,1
DA:40,0
DA:44,1
DA:48,1
LF:19
LH:16
BRDA:9,0,0,0
BRDA:9,0,1,1
BRDA:9,1,0,1
BRDA:9,1,1,1
BRDA:9,1,2,1
BRDA:36,2,0,1
BRDA:36,2,1,0
BRF:7
BRH:5
end_of_record
